<?xml version="1.0" encoding="UTF-8"?>
<!-- Generated by org.testng.reporters.JUnitReportReporter -->
<testsuite name="org.testing.TestScripts.TC4" tests="1" time="0.768" ignored="0" failures="0" timestamp="15 Jun 2021 10:01:19 GMT" skipped="0" hostname="LAPTOP-AOT80K1O" errors="0">
  <testcase name="UpdateData" time="0.768" classname="org.testing.TestScripts.TC4"/>
</testsuite> <!-- org.testing.TestScripts.TC4 -->
