<?xml version="1.0" encoding="UTF-8"?>
<!-- Generated by org.testng.reporters.JUnitReportReporter -->
<testsuite name="org.testing.TestScripts.TC2" tests="1" time="2.667" ignored="0" failures="0" timestamp="15 Jun 2021 10:01:19 GMT" skipped="0" hostname="LAPTOP-AOT80K1O" errors="0">
  <testcase name="GetSpecificRecord" time="2.667" classname="org.testing.TestScripts.TC2"/>
</testsuite> <!-- org.testing.TestScripts.TC2 -->
